This file contains any messages produced by compilers while
running configure, to aid debugging if configure makes a mistake.

It was created by configure, which was
generated by GNU Autoconf 2.69.  Invocation command line was

  $ ./configure 

## --------- ##
## Platform. ##
## --------- ##

hostname = karak.lan
uname -m = i686
uname -r = 4.9.0-19-686-pae
uname -s = Linux
uname -v = #1 SMP Debian 4.9.320-2 (2022-06-30)

/usr/bin/uname -p = unknown
/bin/uname -X     = unknown

/bin/arch              = unknown
/usr/bin/arch -k       = unknown
/usr/convex/getsysinfo = unknown
/usr/bin/hostinfo      = unknown
/bin/machine           = unknown
/usr/bin/oslevel       = unknown
/bin/universe          = unknown

PATH: /home/pozsarzs/.bin
PATH: /usr/local/bin
PATH: /usr/bin
PATH: /bin
PATH: /usr/local/games
PATH: /usr/games


## ----------- ##
## Core tests. ##
## ----------- ##

configure:1734: checking build system type
configure:1748: result: i686-pc-linux-gnu
configure:1768: checking host system type
configure:1781: result: i686-pc-linux-gnu
configure:1801: checking target system type
configure:1814: result: i686-pc-linux-gnu
configure:1844: checking for rm
configure:1862: found /bin/rm
configure:1875: result: /bin/rm
configure:1885: checking for install
configure:1903: found /usr/bin/install
configure:1916: result: /usr/bin/install
configure:1929: checking for gmake
configure:1959: result: no
configure:1929: checking for make
configure:1945: found /usr/bin/make
configure:1956: result: make
configure:1972: checking for fpc
configure:1988: found /usr/bin/fpc
configure:1999: result: fpc
configure:2015: checking for /usr/lib/lazarus/1.6.2/lcl/lclbase.lpk
configure:2029: result: yes
configure:2038: checking for ../documents/VERSION
configure:2051: result: yes
configure:2224: creating ./config.status

## ---------------------- ##
## Running config.status. ##
## ---------------------- ##

This file was extended by config.status, which was
generated by GNU Autoconf 2.69.  Invocation command line was

  CONFIG_FILES    = 
  CONFIG_HEADERS  = 
  CONFIG_LINKS    = 
  CONFIG_COMMANDS = 
  $ ./config.status 

on karak.lan

config.status:734: creating Makefile.global
config.status:734: creating config.pp

## ---------------- ##
## Cache variables. ##
## ---------------- ##

ac_cv_build=i686-pc-linux-gnu
ac_cv_env_build_alias_set=
ac_cv_env_build_alias_value=
ac_cv_env_host_alias_set=
ac_cv_env_host_alias_value=
ac_cv_env_target_alias_set=
ac_cv_env_target_alias_value=
ac_cv_file____documents_VERSION=yes
ac_cv_file__usr_lib_lazarus_1_6_2_lcl_lclbase_lpk=yes
ac_cv_host=i686-pc-linux-gnu
ac_cv_path_install=/usr/bin/install
ac_cv_path_rm=/bin/rm
ac_cv_prog_hfpc=fpc
ac_cv_prog_make=make
ac_cv_target=i686-pc-linux-gnu

## ----------------- ##
## Output variables. ##
## ----------------- ##

DEFS='-DPACKAGE_NAME=\"\" -DPACKAGE_TARNAME=\"\" -DPACKAGE_VERSION=\"\" -DPACKAGE_STRING=\"\" -DPACKAGE_BUGREPORT=\"\" -DPACKAGE_URL=\"\"'
ECHO_C=''
ECHO_N='-n'
ECHO_T=''
LIBOBJS=''
LIBS=''
LTLIBOBJS=''
PACKAGE_BUGREPORT=''
PACKAGE_NAME=''
PACKAGE_STRING=''
PACKAGE_TARNAME=''
PACKAGE_URL=''
PACKAGE_VERSION=''
PATH_SEPARATOR=':'
SHELL='/bin/bash'
architecture='i386'
bindir='${exec_prefix}/bin'
build='i686-pc-linux-gnu'
build_alias=''
build_cpu='i686'
build_os='linux-gnu'
build_vendor='pc'
datadir='${datarootdir}'
datarootdir='${prefix}/share'
docdir='${datarootdir}/doc/${PACKAGE}'
dvidir='${docdir}'
exec_prefix='${prefix}'
fpflag=''
hfpc='fpc'
host='i686-pc-linux-gnu'
host_alias=''
host_cpu='i686'
host_os='linux-gnu'
host_vendor='pc'
htmldir='${docdir}'
includedir='${prefix}/include'
infodir='${datarootdir}/info'
install='/usr/bin/install'
lcldir='/usr/lib/lazarus/1.6.2/lcl'
libdir='${exec_prefix}/lib'
libexecdir='${exec_prefix}/libexec'
localedir='${datarootdir}/locale'
localstatedir='${prefix}/var'
make='make'
mandir='${datarootdir}/man'
oldincludedir='/usr/include'
os='linux'
pdfdir='${docdir}'
prefix='/usr/local'
program_transform_name='s,x,x,'
psdir='${docdir}'
rm='/bin/rm'
runstatedir='${localstatedir}/run'
sbindir='${exec_prefix}/sbin'
sharedstatedir='${prefix}/com'
sysconfdir='${prefix}/etc'
target='i686-pc-linux-gnu'
target_alias=''
target_cpu='i686'
target_os='linux-gnu'
target_vendor='pc'
version='0.1'

## ----------- ##
## confdefs.h. ##
## ----------- ##

/* confdefs.h */
#define PACKAGE_NAME ""
#define PACKAGE_TARNAME ""
#define PACKAGE_VERSION ""
#define PACKAGE_STRING ""
#define PACKAGE_BUGREPORT ""
#define PACKAGE_URL ""

configure: exit 0
